------------------------------------------------------------
flask/bin/pip run on Mon Feb 23 20:12:35 2015
Downloading/unpacking foreman
  Getting page https://pypi.python.org/simple/foreman/
  Could not fetch URL https://pypi.python.org/simple/foreman/: 404 Client Error: Not Found
  Will skip URL https://pypi.python.org/simple/foreman/ when looking for download links for foreman
  Getting page https://pypi.python.org/simple/
  URLs to search for versions for foreman:
  * https://pypi.python.org/simple/foreman/
  Getting page https://pypi.python.org/simple/foreman/
  Could not fetch URL https://pypi.python.org/simple/foreman/: 404 Client Error: Not Found
  Will skip URL https://pypi.python.org/simple/foreman/ when looking for download links for foreman
  Could not find any downloads that satisfy the requirement foreman
Cleaning up...
  Removing temporary dir /home/nick/client_tracker/flask/build...
No distributions at all found for foreman
Exception information:
Traceback (most recent call last):
  File "/home/nick/client_tracker/flask/lib/python3.4/site-packages/pip/basecommand.py", line 122, in main
    status = self.run(options, args)
  File "/home/nick/client_tracker/flask/lib/python3.4/site-packages/pip/commands/install.py", line 278, in run
    requirement_set.prepare_files(finder, force_root_egg_info=self.bundle, bundle=self.bundle)
  File "/home/nick/client_tracker/flask/lib/python3.4/site-packages/pip/req.py", line 1177, in prepare_files
    url = finder.find_requirement(req_to_install, upgrade=self.upgrade)
  File "/home/nick/client_tracker/flask/lib/python3.4/site-packages/pip/index.py", line 277, in find_requirement
    raise DistributionNotFound('No distributions at all found for %s' % req)
pip.exceptions.DistributionNotFound: No distributions at all found for foreman
